 
2023-02-01 13:01:52 || [ DEBUG ] ::                                               < - - - - - - - - - - - - - - - - - - - - - - - - - - - - - - - - - - > 
 
2023-02-01 13:01:53 || [ DEBUG ] :: New user! redirect: /console requestid: ra8GQx8k< - - - - - - - - - - - - - - - - - - - - - - - - - - - - - - - - - - > 
 
2023-02-01 13:01:53 || [ DEBUG ] :: User connected to website || type: management console  || IP: ::ffff:192.168.0.141 || Added to list of known ips< - - - - - - - - - - - - - - - - - - - - - - - - - - - - - - - - - - > 
 
2023-02-02 14:11:45 || [ DEBUG ] :: Database ready< - - - - - - - - - - - - - - - - - - - - - - - - - - - - - - - - - - > 
 - - - - - - - - - - > 
 
2023-02-02 14:11:54 || [ DEBUG ] :: User connected to website || type: main page || IP: ::ffff:127.0.0.1 || Added to list of known ips< - - - - - - - - - - - - - - - - - - - - - - - - - - - - - - - - - - > 
 
2023-02-02 14:11:45 || [ DEBUG ] :: â”Œâ”€â”€â”€â”€â”€â”€â”€â”€â”€â”€â”€â”€â”€â”€â”€[ Bot stats ]â”€â”€â”€â”€â”€â”€â”€â”€â”€â”€â”€â”€â”€â”€â”€â”< - - - - - - - - - - - - - - - - - - - - - - - - - - - - - - - - - - > 
 
2023-02-02 14:11:45 || [ DEBUG ] :: â”‚       Server arch :: x64                    â”‚< - - - - - - - - - - - - - - - - - - - - - - - - - - - - - - - - - - > 
ï¿½ï¿½â”€â”€â”€â”€â”˜< - - - - - - - - - - - - - - - - - - - - - - - - - - - - - - - - - - > 
 
2023-02-02 14:11:54 || [ DEBUG ] :: New request on /login< - - - - - - - - - - - - - - - - - - - - - - - - - - - - - - - - - - > 
 
2023-02-02 14:11:54 || [ DEBUG ] :: New user! redirect: /console requestid: XuNxr47E< - - - - - - - - - - - - - - - - - - - - - - - - - - - - - - - - - - > 
 
2023-02-02 14:11:54 || [ DEBUG ] :: User connected to website || type: management console  || IP: ::ffff:192.168.0.141 || Added to list of known ips< - - - - - - - - - - - - - - - - - - - - - - - - - - - - - - - - - - > 
 
2023-02-02 19:42:22 || [ DEBUG ] :: Webserver successfully started on 3209< - - - - - - - - - - - - - - - - - - - - - - - - - - - - - - - - - - > 
 
2023-02-02 19:42:22 || [ DEBUG ] :: â”Œâ”€â”€â”€â”€â”€â”€â”€â”€â”€â”€â”€â”€â”€â”€â”€[ Bot stats ]â”€â”€â”€â”€â”€â”€â”€â”€â”€â”€â”€â”€â”€â”€â”€â”< - - - - - - - - - - - - - - - - - - - - - - - - - - - - - - - - - - > 
 
2023-02-02 19:42:22 || [ DEBUG ] :: â”‚       Bot ping :: 2944ms                   â”‚< - - - - - - - - - - - - - - - - - - - - - - - - - - - - - - - - - - > 
â”€â”€â”€â”˜< - - - - - - - - - - - - - - - - - - - - - - - - - - - - - - - - - - > 
 - > 
 
2023-02-02 19:42:22 || [ DEBUG ] :: New user! redirect: /console requestid: 3IHnA3oo< - - - - - - - - - - - - - - - - - - - - - - - - - - - - - - - - - - > 
 
2023-02-02 19:42:22 || [ DEBUG ] :: User connected to website || type: management console  || IP: ::ffff:192.168.0.141 || Added to list of known ips< - - - - - - - - - - - - - - - - - - - - - - - - - - - - - - - - - - > 
 
2023-02-02 19:44:00 || [ DEBUG ] :: Webserver successfully started on 3209< - - - - - - - - - - - - - - - - - - - - - - - - - - - - - - - - - - > 
 
2023-02-02 19:44:00 || [ DEBUG ] :: New user! redirect: /console requestid: RGhgwlQT< - - - - - - - - - - - - - - - - - - - - - - - - - - - - - - - - - - > 
 
2023-02-02 19:44:00 || [ DEBUG ] :: User connected to website || type: management console  || IP: ::ffff:192.168.0.141 || Added to list of known ips< - - - - - - - - - - - - - - - - - - - - - - - - - - - - - - - - - - > 
 
2023-02-02 19:43:59 || [ DEBUG ] :: â”Œâ”€â”€â”€â”€â”€â”€â”€â”€â”€â”€â”€â”€â”€â”€â”€[ Bot stats ]â”€â”€â”€â”€â”€â”€â”€â”€â”€â”€â”€â”€â”€â”€â”€â”< - - - - - - - - - - - - - - - - - - - - - - - - - - - - - - - - - - > 
 
2023-02-02 19:43:59 || [ DEBUG ] :: â”œâ”€â”€â”€â”€â”€â”€â”€â”€â”€â”€â”€â”€â”€â”€ï¿½< - - - - - - - - - - - - - - - - - - - - - - - - - - - - - - - - - - > 
ï¿½â”€â”€â”€â”€â”¤< - - - - - - - - - - - - - - - - - - - - - - - - - - - - - - - - - - > 
 - > 
 
2023-02-02 19:45:02 || [ DEBUG ] :: Webserver successfully started on 3209< - - - - - - - - - - - - - - - - - - - - - - - - - - - - - - - - - - > 
 
2023-02-02 19:45:02 || [ DEBUG ] :: New user! redirect: /console requestid: X6Be34r7< - - - - - - - - - - - - - - - - - - - - - - - - - - - - - - - - - - > 
 
2023-02-02 19:45:02 || [ DEBUG ] :: User connected to website || type: management console  || IP: ::ffff:192.168.0.141 || Added to list of known ips< - - - - - - - - - - - - - - - - - - - - - - - - - - - - - - - - - - > 
 
2023-02-02 19:45:01 || [ DEBUG ] :: â”Œâ”€â”€â”€â”€â”€â”€â”€â”€â”€â”€â”€â”€â”€â”€â”€[ Bot stats ]â”€â”€â”€â”€â”€â”€â”€â”€â”€â”€â”€â”€â”€â”€â”€â”< - - - - - - - - - - - - - - - - - - - - - - - - - - - - - - - - - - > 
 
2023-02-02 19:45:01 || [ DEBUG ] :: â”‚       Server release :: 10.0.19045   â”‚< - - - - - - - - - - - - - - - - - - - - - - - - - - - - - - - - - - > 
â”€â”€â”€â”€â”€â”€â”€â”¤< - - - - - - - - - - - - - - - - - - - - - - - - - - - - - - - - - - > 
 
2023-02-02 19:48:03 || [ DEBUG ] :: Webserver successfully started on 3209< - - - - - - - - - - - - - - - - - - - - - - - - - - - - - - - - - - > 
 
2023-02-02 19:48:03 || [ DEBUG ] :: New user! redirect: /console requestid: KeBabOG5< - - - - - - - - - - - - - - - - - - - - - - - - - - - - - - - - - - > 
 
2023-02-02 19:48:03 || [ DEBUG ] :: User connected to website || type: management console  || IP: ::ffff:192.168.0.141 || Added to list of known ips< - - - - - - - - - - - - - - - - - - - - - - - - - - - - - - - - - - > 
 
2023-02-02 19:48:03 || [ DEBUG ] :: New user! redirect: /console requestid: N3RKCOAO< - - - - - - - - - - - - - - - - - - - - - - - - - - - - - - - - - - > 
 
2023-02-02 19:48:03 || [ DEBUG ] :: User connected to website || type: management console  || IP: ::ffff:192.168.0.141 || Added to list of known ips< - - - - - - - - - - - - - - - - - - - - - - - - - - - - - - - - - - > 
 
2023-02-02 19:48:03 || [ DEBUG ] :: â”Œâ”€â”€â”€â”€â”€â”€â”€â”€â”€â”€â”€â”€â”€â”€â”€[ Bot stats ]â”€â”€â”€â”€â”€â”€â”€â”€â”€â”€â”€â”€â”€â”€â”€â”< - - - - - - - - - - - - - - - - - - - - - - - - - - - - - - - - - - > 
 
2023-02-02 19:48:03 || [ DEBUG ] :: â”‚       Server platform :: win32              â”‚< - - - - - - - - - - - - - - - - - - - - - - - - - - - - - - - - - - > 
ï¿½ï¿½â”€â”€â”€â”€â”¤< - - - - - - - - - - - - - - - - - - - - - - - - - - - - - - - - - - > 
 
2023-02-02 19:54:19 || [ DEBUG ] :: Webserver successfully started on 3209< - - - - - - - - - - - - - - - - - - - - - - - - - - - - - - - - - - > 
 
2023-02-02 19:54:18 || [ DEBUG ] :: â”Œâ”€â”€â”€â”€â”€â”€â”€â”€â”€â”€â”€â”€â”€â”€â”€[ Bot stats ]â”€â”€â”€â”€â”€â”€â”€â”€â”€â”€â”€â”€â”€â”€â”€â”< - - - - - - - - - - - - - - - - - - - - - - - - - - - - - - - - - - > 
 
2023-02-02 19:54:18 || [ DEBUG ] :: â”œâ”€â”€â”€â”€â”€â”€â”€â”€â”€â”€â”€â”€â”€â”€â”€â”€â”€â”€â”€â”€â”€â”€â”€â”€â”€â”€â”€â”€â”€â”€â”€â”€â”€â”€â”€â”€â”€â”€â”€â”€â”€â”€â”€â”€â”€â”¤< - - - - - - - - - - - - - - - - - - - - - - - - - - - - - - - - - - > 
 
2023-02-02 19:54:19 || [ DEBUG ] :: User connected to website || type: management console  || IP: ::ffff:192.168.0.141 || Added to list of known ips< - - - - - - - - - - - - - - - - - - - - - - - - - - - - - - - - - - > 
 
2023-02-02 19:54:19 || [ DEBUG ] :: New request on /login< - - - - - - - - - - - - - - - - - - - - - - - - - - - - - - - - - - > 
 
2023-02-02 19:54:19 || [ DEBUG ] :: New user! redirect: /console requestid: s0Mvg7CY< - - - - - - - - - - - - - - - - - - - - - - - - - - - - - - - - - - > 
 
2023-02-02 19:54:19 || [ DEBUG ] :: User connected to website || type: management console  || IP: ::ffff:192.168.0.141 || Added to list of known ips< - - - - - - - - - - - - - - - - - - - - - - - - - - - - - - - - - - > 
 
2023-02-02 19:54:19 || [ DEBUG ] :: New user! redirect: /console requestid: DV0g8jOC< - - - - - - - - - - - - - - - - - - - - - - - - - - - - - - - - - - > 
 
2023-02-02 19:54:19 || [ DEBUG ] :: User connected to website || type: management console  || IP: ::ffff:192.168.0.141 || Added to list of known ips< - - - - - - - - - - - - - - - - - - - - - - - - - - - - - - - - - - > 
 
2023-02-02 19:55:22 || [ DEBUG ] :: Database ready< - - - - - - - - - - - - - - - - - - - - - - - - - - - - - - - - - - > 
 - - - - - - - - - - > 
 
2023-02-02 19:55:36 || [ DEBUG ] :: Webserver successfully started on 3209< - - - - - - - - - - - - - - - - - - - - - - - - - - - - - - - - - - > 
 
2023-02-02 19:55:35 || [ DEBUG ] :: â”Œâ”€â”€â”€â”€â”€â”€â”€â”€â”€â”€â”€â”€â”€â”€â”€[ Bot stats ]â”€â”€â”€â”€â”€â”€â”€â”€â”€â”€â”€â”€â”€â”€â”€â”< - - - - - - - - - - - - - - - - - - - - - - - - - - - - - - - - - - > 
 
2023-02-02 19:55:35 || [ DEBUG ] :: â””â”€â”€â”€â”€â”€â”€â”€â”€â”€â”€â”€â”€â”€â”€â”€â”€â”€â”€â”€â”€â”€â”€â”€â”€â”€â”€â”€â”€â”€â”€â”€â”€â”€â”€â”€â”€â”€â”€â”€â”€â”€â”€â”€â”€â”€â”˜< - - - - - - - - - - - - - - - - - - - - - - - - - - - - - - - - - - > 
 
2023-02-02 19:56:23 || [ DEBUG ] :: Webserver successfully started on 3209< - - - - - - - - - - - - - - - - - - - - - - - - - - - - - - - - - - > 
 
2023-02-02 19:56:22 || [ DEBUG ] :: â”Œâ”€â”€â”€â”€â”€â”€â”€â”€â”€â”€â”€â”€â”€â”€â”€[ Bot stats ]â”€â”€â”€â”€â”€â”€â”€â”€â”€â”€â”€â”€â”€â”€â”€â”< - - - - - - - - - - - - - - - - - - - - - - - - - - - - - - - - - - > 
 
2023-02-02 19:56:22 || [ DEBUG ] :: â”‚       Server release :: 10.0.19045   â”‚< - - - - - - - - - - - - - - - - - - - - - - - - - - - - - - - - - - > 
â”€â”€â”€â”€â”€â”€â”€â”˜< - - - - - - - - - - - - - - - - - - - - - - - - - - - - - - - - - - > 
 
2023-02-02 20:11:03 || [ DEBUG ] :: Webserver successfully started on 3209< - - - - - - - - - - - - - - - - - - - - - - - - - - - - - - - - - - > 
 
2023-02-02 20:11:02 || [ DEBUG ] :: â”Œâ”€â”€â”€â”€â”€â”€â”€â”€â”€â”€â”€â”€â”€â”€â”€[ Bot stats ]â”€â”€â”€â”€â”€â”€â”€â”€â”€â”€â”€â”€â”€â”€â”€â”< - - - - - - - - - - - - - - - - - - - - - - - - - - - - - - - - - - > 
 
2023-02-02 20:11:02 || [ DEBUG ] :: â”‚       Server release :: 10.0.19045   â”‚< - - - - - - - - - - - - - - - - - - - - - - - - - - - - - - - - - - > 
â”€â”€â”€â”€â”€â”€â”€â”¤< - - - - - - - - - - - - - - - - - - - - - - - - - - - - - - - - - - > 
 
2023-02-02 20:11:42 || [ DEBUG ] :: Webserver successfully started on 3209< - - - - - - - - - - - - - - - - - - - - - - - - - - - - - - - - - - > 
 
2023-02-02 20:11:41 || [ DEBUG ] :: â”Œâ”€â”€â”€â”€â”€â”€â”€â”€â”€â”€â”€â”€â”€â”€â”€[ Bot stats ]â”€â”€â”€â”€â”€â”€â”€â”€â”€â”€â”€â”€â”€â”€â”€â”< - - - - - - - - - - - - - - - - - - - - - - - - - - - - - - - - - - > 
 
2023-02-02 20:11:41 || [ DEBUG ] :: â”Œâ”€â”€â”€â”€â”€â”€â”€â”€â”€â”€â”€â”€â”€â”€â”€[ Server stats ]â”€â”€â”€â”€â”€â”€â”€â”€â”€â”€â”€â”€â”€â”€â”< - - - - - - - - - - - - - - - - - - - - - - - - - - - - - - - - - - > 
 
2023-02-02 20:12:53 || [ DEBUG ] :: Webserver successfully started on 3209< - - - - - - - - - - - - - - - - - - - - - - - - - - - - - - - - - - > 
 
2023-02-02 20:12:52 || [ DEBUG ] :: â”Œâ”€â”€â”€â”€â”€â”€â”€â”€â”€â”€â”€â”€â”€â”€â”€[ Bot stats ]â”€â”€â”€â”€â”€â”€â”€â”€â”€â”€â”€â”€â”€â”€â”€â”< - - - - - - - - - - - - - - - - - - - - - - - - - - - - - - - - - - > 
 
2023-02-02 20:12:52 || [ DEBUG ] :: â”‚       Server release :: 10.0.19045   â”‚< - - - - - - - - - - - - - - - - - - - - - - - - - - - - - - - - - - > 
â”€â”€â”€â”€â”€â”€â”€â”˜< - - - - - - - - - - - - - - - - - - - - - - - - - - - - - - - - - - > 
 
2023-02-02 20:13:41 || [ DEBUG ] :: Webserver successfully started on 3209< - - - - - - - - - - - - - - - - - - - - - - - - - - - - - - - - - - > 
 
2023-02-02 20:13:41 || [ DEBUG ] :: â”Œâ”€â”€â”€â”€â”€â”€â”€â”€â”€â”€â”€â”€â”€â”€â”€[ Bot stats ]â”€â”€â”€â”€â”€â”€â”€â”€â”€â”€â”€â”€â”€â”€â”€â”< - - - - - - - - - - - - - - - - - - - - - - - - - - - - - - - - - - > 
 
2023-02-02 20:13:41 || [ DEBUG ] :: â”œâ”€â”€â”€â”€â”€â”€â”€â”€â”€â”€â”€â”€â”€â”€â”€â”€â”€â”€â”€â”€â”€â”€â”€â”€â”€â”€â”€â”€â”€â”€â”€â”€â”€â”€â”€â”€â”€â”€â”€â”€â”€â”€â”€â”€â”€â”¤< - - - - - - - - - - - - - - - - - - - - - - - - - - - - - - - - - - > 
 
2023-02-02 20:14:42 || [ DEBUG ] :: Database ready< - - - - - - - - - - - - - - - - - - - - - - - - - - - - - - - - - - > 
 - - - - - - - - - - > 
 
2023-02-02 20:14:42 || [ DEBUG ] :: â”Œâ”€â”€â”€â”€â”€â”€â”€â”€â”€â”€â”€â”€â”€â”€â”€[ Bot stats ]â”€â”€â”€â”€â”€â”€â”€â”€â”€â”€â”€â”€â”€â”€â”€â”< - - - - - - - - - - - - - - - - - - - - - - - - - - - - - - - - - - > 
 
2023-02-02 20:14:42 || [ DEBUG ] :: â””â”€â”€â”€â”€â”€â”€â”€â”€â”€â”€â”€â”€â”€â”€â”€â”€â”€â”€â”€â”€â”€â”€â”€â”€â”€â”€â”€â”€â”€â”€â”€â”€â”€â”€â”€â”€â”€â”€â”€â”€â”€â”€â”€â”€< - - - - - - - - - - - - - - - - - - - - - - - - - - - - - - - - - - > 
 - > 
 
2023-02-02 20:15:56 || [ DEBUG ] :: Webserver successfully started on 3209< - - - - - - - - - - - - - - - - - - - - - - - - - - - - - - - - - - > 
 
2023-02-02 20:15:55 || [ DEBUG ] :: â”Œâ”€â”€â”€â”€â”€â”€â”€â”€â”€â”€â”€â”€â”€â”€â”€[ Bot stats ]â”€â”€â”€â”€â”€â”€â”€â”€â”€â”€â”€â”€â”€â”€â”€â”< - - - - - - - - - - - - - - - - - - - - - - - - - - - - - - - - - - > 
 
2023-02-02 20:15:55 || [ DEBUG ] :: â””â”€â”€â”€â”€â”€â”€â”€â”€â”€â”€â”€â”€â”€â”€â”€â”€â”€â”€â”€â”€â”€â”€â”€â”€â”€â”€â”€â”€â”€â”€â”€â”€â”€â”€â”€ï¿½< - - - - - - - - - - - - - - - - - - - - - - - - - - - - - - - - - - > 
 - - - - - - - - - - - - - - > 
 
2023-02-02 20:15:56 || [ DEBUG ] :: User connected to website || type: management console  || IP: ::ffff:192.168.0.141 || Added to list of known ips< - - - - - - - - - - - - - - - - - - - - - - - - - - - - - - - - - - > 
 
2023-02-02 20:15:56 || [ DEBUG ] :: New request on /login< - - - - - - - - - - - - - - - - - - - - - - - - - - - - - - - - - - > 
 
2023-02-02 20:15:56 || [ DEBUG ] :: New user! redirect: /console requestid: l3UU4sg4< - - - - - - - - - - - - - - - - - - - - - - - - - - - - - - - - - - > 
 
2023-02-02 20:15:56 || [ DEBUG ] :: User connected to website || type: management console  || IP: ::ffff:192.168.0.141 || Added to list of known ips< - - - - - - - - - - - - - - - - - - - - - - - - - - - - - - - - - - > 
 
2023-02-02 21:16:56 || [ DEBUG ] :: Webserver successfully started on 3209< - - - - - - - - - - - - - - - - - - - - - - - - - - - - - - - - - - > 
 
2023-02-02 21:16:55 || [ DEBUG ] :: â”Œâ”€â”€â”€â”€â”€â”€â”€â”€â”€â”€â”€â”€â”€â”€â”€[ Bot stats ]â”€â”€â”€â”€â”€â”€â”€â”€â”€â”€â”€â”€â”€â”€â”€â”< - - - - - - - - - - - - - - - - - - - - - - - - - - - - - - - - - - > 
 
2023-02-02 21:16:55 || [ DEBUG ] :: â”œâ”€â”€â”€â”€â”€â”€â”€â”€â”€â”€â”€â”€â”€â”€â”€â”€â”€â”€â”€â”€â”€â”€â”€â”€â”€â”€â”€â”€â”€â”€â”€â”€â”€â”€â”€â”€â”€â”€â”€â”€â”€â”€â”€â”€â”€â”¤< - - - - - - - - - - - - - - - - - - - - - - - - - - - - - - - - - - > 
 
2023-02-02 21:43:27 || [ DEBUG ] :: Webserver successfully started on 3209< - - - - - - - - - - - - - - - - - - - - - - - - - - - - - - - - - - > 
 
2023-02-02 21:43:26 || [ DEBUG ] :: â”Œâ”€â”€â”€â”€â”€â”€â”€â”€â”€â”€â”€â”€â”€â”€â”€[ Bot stats ]â”€â”€â”€â”€â”€â”€â”€â”€â”€â”€â”€â”€â”€â”€â”€â”< - - - - - - - - - - - - - - - - - - - - - - - - - - - - - - - - - - > 
 
2023-02-02 21:43:26 || [ DEBUG ] :: â”œâ”€â”€â”€â”€â”€â”€â”€â”€â”€â”€â”€â”€â”€â”€â”€â”€â”€â”€â”€â”€â”€â”€â”€â”€â”€â”€â”€â”€â”€â”€â”€â”€â”€â”€â”€â”€â”€â”€â”€â”€â”€â”€â”€â”€â”€â”¤< - - - - - - - - - - - - - - - - - - - - - - - - - - - - - - - - - - > 
 
2023-02-02 21:43:27 || [ DEBUG ] :: New user! redirect: /console requestid: s501RfJw< - - - - - - - - - - - - - - - - - - - - - - - - - - - - - - - - - - > 
 
2023-02-02 21:43:27 || [ DEBUG ] :: User connected to website || type: management console  || IP: ::ffff:192.168.0.141 || Added to list of known ips< - - - - - - - - - - - - - - - - - - - - - - - - - - - - - - - - - - > 
 
2023-02-02 21:52:17 || [ DEBUG ] :: Webserver successfully started on 3209< - - - - - - - - - - - - - - - - - - - - - - - - - - - - - - - - - - > 
 
2023-02-02 21:52:16 || [ DEBUG ] :: â”Œâ”€â”€â”€â”€â”€â”€â”€â”€â”€â”€â”€â”€â”€â”€â”€[ Bot stats ]â”€â”€â”€â”€â”€â”€â”€â”€â”€â”€â”€â”€â”€â”€â”€â”< - - - - - - - - - - - - - - - - - - - - - - - - - - - - - - - - - - > 
 
2023-02-02 21:52:16 || [ DEBUG ] :: â”‚       Client :: Nova Bot#1769                â”‚< - - - - - - - - - - - - - - - - - - - - - - - - - - - - - - - - - - > 
ï¿½â”€â”€â”¤< - - - - - - - - - - - - - - - - - - - - - - - - - - - - - - - - - - > 
 - > 
 
2023-02-02 21:57:16 || [ DEBUG ] :: Webserver successfully started on 3209< - - - - - - - - - - - - - - - - - - - - - - - - - - - - - - - - - - > 
 
2023-02-02 21:57:15 || [ DEBUG ] :: â”Œâ”€â”€â”€â”€â”€â”€â”€â”€â”€â”€â”€â”€â”€â”€â”€[ Bot stats ]â”€â”€â”€â”€â”€â”€â”€â”€â”€â”€â”€â”€â”€â”€â”€â”< - - - - - - - - - - - - - - - - - - - - - - - - - - - - - - - - - - > 
 
2023-02-02 21:57:15 || [ DEBUG ] :: â”‚       Server platform :: win32              â”‚< - - - - - - - - - - - - - - - - - - - - - - - - - - - - - - - - - - > 
ï¿½ï¿½â”€â”€â”¤< - - - - - - - - - - - - - - - - - - - - - - - - - - - - - - - - - - > 
 - > 
 
2023-02-02 21:57:16 || [ DEBUG ] :: User connected to website || type: management console  || IP: ::ffff:192.168.0.141 || Added to list of known ips< - - - - - - - - - - - - - - - - - - - - - - - - - - - - - - - - - - > 
 
2023-02-02 21:57:16 || [ DEBUG ] :: New request on /login< - - - - - - - - - - - - - - - - - - - - - - - - - - - - - - - - - - > 
 
2023-02-02 21:57:16 || [ DEBUG ] :: New user! redirect: /console requestid: bMA2abuW< - - - - - - - - - - - - - - - - - - - - - - - - - - - - - - - - - - > 
 
2023-02-02 21:57:16 || [ DEBUG ] :: User connected to website || type: management console  || IP: ::ffff:192.168.0.141 || Added to list of known ips< - - - - - - - - - - - - - - - - - - - - - - - - - - - - - - - - - - > 
 
2023-02-02 22:00:34 || [ DEBUG ] :: Webserver successfully started on 3209< - - - - - - - - - - - - - - - - - - - - - - - - - - - - - - - - - - > 
 
2023-02-02 22:00:33 || [ DEBUG ] :: â”Œâ”€â”€â”€â”€â”€â”€â”€â”€â”€â”€â”€â”€â”€â”€â”€[ Bot stats ]â”€â”€â”€â”€â”€â”€â”€â”€â”€â”€â”€â”€â”€â”€â”€â”< - - - - - - - - - - - - - - - - - - - - - - - - - - - - - - - - - - > 
 
2023-02-02 22:00:33 || [ DEBUG ] :: â”‚       Server cores :: 4                     â”‚< - - - - - - - - - - - - - - - - - - - - - - - - - - - - - - - - - - > 
ï¿½ï¿½â”€â”€â”€â”€â”¤< - - - - - - - - - - - - - - - - - - - - - - - - - - - - - - - - - - > 
 
2023-02-02 22:00:34 || [ DEBUG ] :: Server selection || type: selection || IP: ::ffff:192.168.0.141 || Added to list of known ips< - - - - - - - - - - - - - - - - - - - - - - - - - - - - - - - - - - > 
 
2023-02-02 22:00:34 || [ DEBUG ] :: New request on /login< - - - - - - - - - - - - - - - - - - - - - - - - - - - - - - - - - - > 
 
2023-02-02 22:00:34 || [ DEBUG ] :: New user! redirect: /console requestid: jzbMIXHX< - - - - - - - - - - - - - - - - - - - - - - - - - - - - - - - - - - > 
 
2023-02-02 22:00:34 || [ DEBUG ] :: User connected to website || type: management console  || IP: ::ffff:192.168.0.141 || Added to list of known ips< - - - - - - - - - - - - - - - - - - - - - - - - - - - - - - - - - - > 
 
2023-02-02 22:10:05 || [ DEBUG ] :: Webserver successfully started on 3209< - - - - - - - - - - - - - - - - - - - - - - - - - - - - - - - - - - > 
 
2023-02-02 22:10:05 || [ DEBUG ] :: User connected to website || type: management console  || IP: ::ffff:192.168.0.141 || Added to list of known ips< - - - - - - - - - - - - - - - - - - - - - - - - - - - - - - - - - - > 
 
2023-02-02 22:10:05 || [ DEBUG ] :: New request on /login< - - - - - - - - - - - - - - - - - - - - - - - - - - - - - - - - - - > 
 
2023-02-02 22:10:05 || [ DEBUG ] :: New user! redirect: /console requestid: uuxpobxg< - - - - - - - - - - - - - - - - - - - - - - - - - - - - - - - - - - > 
 
2023-02-02 22:10:05 || [ DEBUG ] :: User connected to website || type: management console  || IP: ::ffff:192.168.0.141 || Added to list of known ips< - - - - - - - - - - - - - - - - - - - - - - - - - - - - - - - - - - > 
 
2023-02-02 22:10:04 || [ DEBUG ] :: â”Œâ”€â”€â”€â”€â”€â”€â”€â”€â”€â”€â”€â”€â”€â”€â”€[ Bot stats ]â”€â”€â”€â”€â”€â”€â”€â”€â”€â”€â”€â”€â”€â”€â”€â”< - - - - - - - - - - - - - - - - - - - - - - - - - - - - - - - - - - > 
 
2023-02-02 22:10:04 || [ DEBUG ] :: â”œâ”€â”€â”€â”€â”€â”€â”€â”€â”€â”€â”€â”€â”€â”€â”€â”€â”€â”€â”€â”€â”€â”€â”€â”€â”€â”€â”€â”€â”€â”€â”€â”€â”€â”€â”€â”€â”€â”€â”€â”€â”€â”€â”€â”¤< - - - - - - - - - - - - - - - - - - - - - - - - - - - - - - - - - - > 
 - > 
 
2023-02-03 14:55:37 || [ DEBUG ] :: Webserver successfully started on 3209< - - - - - - - - - - - - - - - - - - - - - - - - - - - - - - - - - - > 
 
2023-02-03 14:55:31 || [ DEBUG ] :: â”Œâ”€â”€â”€â”€â”€â”€â”€â”€â”€â”€â”€â”€â”€â”€â”€[ Bot stats ]â”€â”€â”€â”€â”€â”€â”€â”€â”€â”€â”€â”€â”€â”€â”€â”< - - - - - - - - - - - - - - - - - - - - - - - - - - - - - - - - - - > 
 
2023-02-03 14:55:31 || [ DEBUG ] :: â”œâ”€â”€â”€â”€â”€â”€â”€â”€â”€â”€â”€â”€â”€â”€â”€â”€â”€â”€â”€â”€â”€â”€â”€â”€â”€â”€â”€â”€â”€â”€â”€â”€â”€â”€â”€â”€â”€â”€â”€â”€â”€â”€â”€â”¤< - - - - - - - - - - - - - - - - - - - - - - - - - - - - - - - - - - > 
 - > 
 
2023-02-03 14:55:37 || [ DEBUG ] :: New user! redirect: /console requestid: anJztBoS< - - - - - - - - - - - - - - - - - - - - - - - - - - - - - - - - - - > 
 
2023-02-03 14:55:37 || [ DEBUG ] :: User connected to website || type: management console  || IP: ::ffff:192.168.0.141 || Added to list of known ips< - - - - - - - - - - - - - - - - - - - - - - - - - - - - - - - - - - > 
 
2023-02-03 15:02:13 || [ DEBUG ] :: Database ready< - - - - - - - - - - - - - - - - - - - - - - - - - - - - - - - - - - > 
 - - - - - - - - - - > 
 
2023-02-03 15:02:13 || [ DEBUG ] :: â”Œâ”€â”€â”€â”€â”€â”€â”€â”€â”€â”€â”€â”€â”€â”€â”€[ Bot stats ]â”€â”€â”€â”€â”€â”€â”€â”€â”€â”€â”€â”€â”€â”€â”€â”< - - - - - - - - - - - - - - - - - - - - - - - - - - - - - - - - - - > 
 
2023-02-03 15:02:13 || [ DEBUG ] :: â”‚       Server release :: 10.0.19045   â”‚< - - - - - - - - - - - - - - - - - - - - - - - - - - - - - - - - - - > 
â”€â”€â”€â”€â”€â”€â”€â”˜< - - - - - - - - - - - - - - - - - - - - - - - - - - - - - - - - - - > 
 
2023-02-03 17:22:39 || [ DEBUG ] :: Webserver successfully started on 3209< - - - - - - - - - - - - - - - - - - - - - - - - - - - - - - - - - - > 
 
2023-02-03 17:22:38 || [ DEBUG ] :: â”Œâ”€â”€â”€â”€â”€â”€â”€â”€â”€â”€â”€â”€â”€â”€â”€[ Bot stats ]â”€â”€â”€â”€â”€â”€â”€â”€â”€â”€â”€â”€â”€â”€â”€â”< - - - - - - - - - - - - - - - - - - - - - - - - - - - - - - - - - - > 
 
2023-02-03 17:22:38 || [ DEBUG ] ::                                               < - - - - - - - - - - - - - - - - - - - - - - - - - - - - - - - - - - > 
- > 
ï¿½ï¿½â”€â”€â”€â”€â”˜< - - - - - - - - - - - - - - - - - - - - - - - - - - - - - - - - - - > 
 
2023-02-03 17:22:39 || [ DEBUG ] :: User connected to website || type: management console  || IP: ::ffff:192.168.0.141 || Added to list of known ips< - - - - - - - - - - - - - - - - - - - - - - - - - - - - - - - - - - > 
 
2023-02-03 17:22:39 || [ DEBUG ] :: New request on /login< - - - - - - - - - - - - - - - - - - - - - - - - - - - - - - - - - - > 
 
2023-02-03 17:22:39 || [ DEBUG ] :: New user! redirect: /console requestid: phE8c8sw< - - - - - - - - - - - - - - - - - - - - - - - - - - - - - - - - - - > 
 
2023-02-03 17:22:39 || [ DEBUG ] :: User connected to website || type: management console  || IP: ::ffff:192.168.0.141 || Added to list of known ips< - - - - - - - - - - - - - - - - - - - - - - - - - - - - - - - - - - > 
 
2023-02-04 09:41:00 || [ DEBUG ] :: Webserver successfully started on 3209< - - - - - - - - - - - - - - - - - - - - - - - - - - - - - - - - - - > 
 
2023-02-04 09:40:47 || [ DEBUG ] :: â”Œâ”€â”€â”€â”€â”€â”€â”€â”€â”€â”€â”€â”€â”€â”€â”€[ Bot stats ]â”€â”€â”€â”€â”€â”€â”€â”€â”€â”€â”€â”€â”€â”€â”€â”< - - - - - - - - - - - - - - - - - - - - - - - - - - - - - - - - - - > 
 
2023-02-04 09:40:47 || [ DEBUG ] :: â””â”€â”€â”€â”€â”€â”€â”€â”€â”€â”€â”€â”€â”€â”€â”€â”€â”€â”€â”€â”€â”€â”€â”€â”€â”€â”€â”€â”€â”€â”€â”€â”€â”€â”€â”€â”€â”€â”€â”€â”€â”€â”€â”€â”€â”€â”˜< - - - - - - - - - - - - - - - - - - - - - - - - - - - - - - - - - - > 
 
2023-02-04 09:44:07 || [ DEBUG ] :: Webserver successfully started on 3209< - - - - - - - - - - - - - - - - - - - - - - - - - - - - - - - - - - > 
 
2023-02-04 09:43:55 || [ DEBUG ] :: â”Œâ”€â”€â”€â”€â”€â”€â”€â”€â”€â”€â”€â”€â”€â”€â”€[ Bot stats ]â”€â”€â”€â”€â”€â”€â”€â”€â”€â”€â”€â”€â”€â”€â”€â”< - - - - - - - - - - - - - - - - - - - - - - - - - - - - - - - - - - > 
 
2023-02-04 09:43:55 || [ DEBUG ] :: â”‚       Server arch :: x64                    â”‚< - - - - - - - - - - - - - - - - - - - - - - - - - - - - - - - - - - > 
ï¿½ï¿½â”€â”€â”€â”€â”˜< - - - - - - - - - - - - - - - - - - - - - - - - - - - - - - - - - - > 
 
2023-02-04 09:58:47 || [ DEBUG ] :: Webserver successfully started on 3209< - - - - - - - - - - - - - - - - - - - - - - - - - - - - - - - - - - > 
 
2023-02-04 09:57:41 || [ DEBUG ] :: â”Œâ”€â”€â”€â”€â”€â”€â”€â”€â”€â”€â”€â”€â”€â”€â”€[ Bot stats ]â”€â”€â”€â”€â”€â”€â”€â”€â”€â”€â”€â”€â”€â”€â”€â”< - - - - - - - - - - - - - - - - - - - - - - - - - - - - - - - - - - > 
 
2023-02-04 09:57:41 || [ DEBUG ] :: â””â”€â”€â”€â”€â”€â”€â”€â”€â”€â”€â”€â”€â”€â”€â”€â”€â”€â”€â”€â”€â”€â”€â”€â”€â”€â”€â”€â”€â”€â”€â”€â”€â”€â”€â”€â”€â”€â”€â”€â”€â”€â”€â”€â”˜< - - - - - - - - - - - - - - - - - - - - - - - - - - - - - - - - - - > 
 - > 
 
2023-02-04 10:01:39 || [ DEBUG ] :: Webserver successfully started on 3209< - - - - - - - - - - - - - - - - - - - - - - - - - - - - - - - - - - > 
 
2023-02-04 10:01:06 || [ DEBUG ] :: â”Œâ”€â”€â”€â”€â”€â”€â”€â”€â”€â”€â”€â”€â”€â”€â”€[ Bot stats ]â”€â”€â”€â”€â”€â”€â”€â”€â”€â”€â”€â”€â”€â”€â”€â”< - - - - - - - - - - - - - - - - - - - - - - - - - - - - - - - - - - > 
 
2023-02-04 10:01:06 || [ DEBUG ] :: â”Œâ”€â”€â”€â”€â”€â”€â”€â”€â”€â”€â”€â”€â”€â”€â”€[ Server stats ]â”€â”€â”€â”€â”€â”€â”€â”€â”€â”€â”€â”€â”€â”€â”< - - - - - - - - - - - - < - - - - - - - - - - - - - - - - - - - - - - - - - - - - - - - - - - > 
 - > 
 
2023-02-04 10:02:53 || [ DEBUG ] :: Webserver successfully started on 3209< - - - - - - - - - - - - - - - - - - - - - - - - - - - - - - - - - - > 
 
2023-02-04 10:02:52 || [ DEBUG ] :: â”Œâ”€â”€â”€â”€â”€â”€â”€â”€â”€â”€â”€â”€â”€â”€â”€[ Bot stats ]â”€â”€â”€â”€â”€â”€â”€â”€â”€â”€â”€â”€â”€â”€â”€â”< - - - - - - - - - - - - - - - - - - - - - - - - - - - - - - - - - - > 
 
2023-02-04 10:02:52 || [ DEBUG ] :: â””â”€â”€â”€â”€â”€â”€â”€â”€â”€â”€â”€â”€â”€â”€â”€â”€ï¿½< - - - - - - - - - - - - - - - - - - - - - - - - - - - - - - - - - - > 
ï¿½â”€â”€â”€< - - - - - - - - - - - - - - - - - - - - - - - - - - - - - - - - - - > 
 - > 
 
2023-02-04 10:02:53 || [ DEBUG ] :: User connected to website || type: main page || IP: ::ffff:192.168.0.141 || Added to list of known ips< - - - - - - - - - - - - - - - - - - - - - - - - - - - - - - - - - - > 
 
2023-02-04 10:02:53 || [ DEBUG ] :: New request on /login< - - - - - - - - - - - - - - - - - - - - - - - - - - - - - - - - - - > 
 
2023-02-04 10:11:12 || [ DEBUG ] :: Webserver successfully started on 3209< - - - - - - - - - - - - - - - - - - - - - - - - - - - - - - - - - - > 
 
2023-02-04 10:11:03 || [ DEBUG ] :: â”Œâ”€â”€â”€â”€â”€â”€â”€â”€â”€â”€â”€â”€â”€â”€â”€[ Bot stats ]â”€â”€â”€â”€â”€â”€â”€â”€â”€â”€â”€â”€â”€â”€â”€â”< - - - - - - - - - - - - - - - - - - - - - - - - - - - - - - - - - - > 
 
2023-02-04 10:11:03 || [ DEBUG ] :: â””â”€â”€â”€â”€â”€â”€â”€â”€â”€â”€â”€â”€â”€â”€â”€â”€â”€â”€â”€â”€â”€â”€â”€â”€â”€â”€â”€â”€â”€â”€â”€â”€â”€â”€â”€â”€â”€â”€â”€â”€â”€â”€â”€â”€â”€â”˜< - - - - - - - - - - - - - - - - - - - - - - - - - - - - - - - - - - > 
 
2023-02-04 10:11:12 || [ DEBUG ] :: New user! redirect: /console requestid: 3L7JRx1a< - - - - - - - - - - - - - - - - - - - - - - - - - - - - - - - - - - > 
 
2023-02-04 10:11:12 || [ DEBUG ] :: User connected to website || type: management console  || IP: ::ffff:192.168.0.141 || Added to list of known ips< - - - - - - - - - - - - - - - - - - - - - - - - - - - - - - - - - - > 
 
2023-02-04 10:11:12 || [ DEBUG ] :: User connected to website || type: main page || IP: ::ffff:192.168.0.141 || Added to list of known ips< - - - - - - - - - - - - - - - - - - - - - - - - - - - - - - - - - - > 
 
2023-02-04 10:16:52 || [ DEBUG ] :: Webserver successfully started on 3209< - - - - - - - - - - - - - - - - - - - - - - - - - - - - - - - - - - > 
 
2023-02-04 10:16:51 || [ DEBUG ] :: â”Œâ”€â”€â”€â”€â”€â”€â”€â”€â”€â”€â”€â”€â”€â”€â”€[ Bot stats ]â”€â”€â”€â”€â”€â”€â”€â”€â”€â”€â”€â”€â”€â”€â”€â”< - - - - - - - - - - - - - - - - - - - - - - - - - - - - - - - - - - > 
 
2023-02-04 10:16:51 || [ DEBUG ] :: â”‚       Server release :: 10.0.19045   â”‚< - - - - - - - - - - - - - - - - - - - - - - - - - - - - - - - - - - > 
- - > 
ï¿½ï¿½â”€â”€â”€â”€â”¤< - - - - - - - - - - - - - - - - - - - - - - - - - - - - - - - - - - > 
 
2023-02-04 10:16:52 || [ DEBUG ] :: New user! redirect: /console requestid: X7uMGBE7< - - - - - - - - - - - - - - - - - - - - - - - - - - - - - - - - - - > 
 
2023-02-04 10:16:52 || [ DEBUG ] :: User connected to website || type: management console  || IP: ::ffff:192.168.0.141 || Added to list of known ips< - - - - - - - - - - - - - - - - - - - - - - - - - - - - - - - - - - > 
 
2023-02-04 10:18:57 || [ DEBUG ] :: Webserver succ< - - - - - - - - - - - - - - - - - - - - - - - - - - - - - - - - - - > 
 - - - - - - - - - - > 
 
2023-02-04 10:18:57 || [ DEBUG ] :: New user! redirect: /console requestid: J4hiREsQ< - - - - - - - - - - - - - - - - - - - - - - - - - - - - - - - - - - > 
 
2023-02-04 10:18:57 || [ DEBUG ] :: User connected to website || type: management console  || IP: ::ffff:192.168.0.141 || Added to list of known ips< - - - - - - - - - - - - - - - - - - - - - - - - - - - - - - - - - - > 
 
2023-02-04 10:18:56 || [ DEBUG ] :: â”Œâ”€â”€â”€â”€â”€â”€â”€â”€â”€â”€â”€â”€â”€â”€â”€[ Bot stats ]â”€â”€â”€â”€â”€â”€â”€â”€â”€â”€â”€â”€â”€â”€â”€â”< - - - - - - - - - - - - - - - - - - - - - - - - - - - - - - - - - - > 
 
2023-02-04 10:18:56 || [ DEBUG ] :: â””â”€â”€â”€â”€â”€â”€â”€â”€â”€â”€â”€â”€â”€â”€â”€â”€â”€â”€â”€â”€â”€â”€â”€â”€â”€â”€â”€â”€â”€â”€â”€â”€â”€â”€â”€â”€â”€â”€â”€â”€â”€â”€â”€â”€â”€â”˜< - - - - - - - - - - - - - - - - - - - - - - - - - - - - - - - - - - > 
 
2023-02-04 10:20:44 || [ DEBUG ] :: Webserver successfully started on 3209< - - - - - - - - - - - - - - - - - - - - - - - - - - - - - - - - - - > 
 
2023-02-04 10:20:43 || [ DEBUG ] :: â”Œâ”€â”€â”€â”€â”€â”€â”€â”€â”€â”€â”€â”€â”€â”€â”€[ Bot stats ]â”€â”€â”€â”€â”€â”€â”€â”€â”€â”€â”€â”€â”€â”€â”€â”< - - - - - - - - - - - - - - - - - - - - - - - - - - - - - - - - - - > 
 
2023-02-04 10:20:43 || [ DEBUG ] :: â”‚       Owner :: Duckey | Nova dev#4091                â”‚< - - - - - - - - - - - - - - - - - - - - - - - - - - - - - - - - - - > 
 
2023-02-04 10:20:44 || [ DEBUG ] :: New user! redirect: /console requestid: tgYKuIDM< - - - - - - - - - - - - - - - - - - - - - - - - - - - - - - - - - - > 
 
2023-02-04 10:20:44 || [ DEBUG ] :: User connected to website || type: management console  || IP: ::ffff:192.168.0.141 || Added to list of known ips< - - - - - - - - - - - - - - - - - - - - - - - - - - - - - - - - - - > 
 
2023-02-04 10:20:44 || [ DEBUG ] :: New user! redirect: /console requestid: 18kuGKOG< - - - - - - - - - - - - - - - - - - - - - - - - - - - - - - - - - - > 
 
2023-02-04 10:20:44 || [ DEBUG ] :: User connected to website || type: management console  || IP: ::ffff:192.168.0.141 || Added to list of known ips< - - - - - - - - - - - - - - - - - - - - - - - - - - - - - - - - - - > 
 
2023-02-04 10:27:53 || [ DEBUG ] :: Database ready< - - - - - - - - - - - - - - - - - - - - - - - - - - - - - - - - - - > 
 - - - - - - - - - - > 
 
2023-02-04 10:27:54 || [ DEBUG ] :: User connected to website || type: management console  || IP: ::ffff:192.168.0.141 || Added to list of known ips< - - - - - - - - - - - - - - - - - - - - - - - - - - - - - - - - - - > 
 
2023-02-04 10:27:54 || [ DEBUG ] :: New request on /login< - - - - - - - - - - - - - - - - - - - - - - - - - - - - - - - - - - > 
 
2023-02-04 10:27:54 || [ DEBUG ] :: New user! redirect: /console requestid: Y5nw6sxM< - - - - - - - - - - - - - - - - - - - - - - - - - - - - - - - - - - > 
 
2023-02-04 10:27:54 || [ DEBUG ] :: User connected to website || type: management console  || IP: ::ffff:192.168.0.141 || Added to list of known ips< - - - - - - - - - - - - - - - - - - - - - - - - - - - - - - - - - - > 
 
2023-02-04 10:27:53 || [ DEBUG ] :: â”Œâ”€â”€â”€â”€â”€â”€â”€â”€â”€â”€â”€â”€â”€â”€â”€[ Bot stats ]â”€â”€â”€â”€â”€â”€â”€â”€â”€â”€â”€â”€â”€â”€â”€â”< - - - - - - - - - - - - - - - - - - - - - - - - - - - - - - - - - - > 
 
2023-02-04 10:27:53 || [ DEBUG ] :: â”‚       Bot ping :: 2358ms                   â”‚< - - - - - - - - - - - - - - - - - - - - - - - - - - - - - - - - - - > 
â”€â”€â”€â”€â”€â”˜< - - - - - - - - - - - - - - - - - - - - - - - - - - - - - - - - - - > 
 
2023-02-04 10:27:54 || [ DEBUG ] :: User connected to website || type: management console  || IP: ::ffff:192.168.0.141 || Added to list of known ips< - - - - - - - - - - - - - - - - - - - - - - - - - - - - - - - - - - > 
 
2023-02-04 10:34:07 || [ DEBUG ] :: Webserver successfully started on 3209< - - - - - - - - - - - - - - - - - - - - - - - - - - - - - - - - - - > 
 
2023-02-04 10:34:07 || [ DEBUG ] :: User connected to website || type: management console  || IP: ::ffff:192.168.0.141 || Added to list of known ips< - - - - - - - - - - - - - - - - - - - - - - - - - - - - - - - - - - > 
 
2023-02-04 10:34:07 || [ DEBUG ] :: New request on /login< - - - - - - - - - - - - - - - - - - - - - - - - - - - - - - - - - - > 
 
2023-02-04 10:34:07 || [ DEBUG ] :: New user! redirect: /console requestid: VlvIvorG< - - - - - - - - - - - - - - - - - - - - - - - - - - - - - - - - - - > 
 
2023-02-04 10:34:07 || [ DEBUG ] :: User connected to website || type: management console  || IP: ::ffff:192.168.0.141 || Added to list of known ips< - - - - - - - - - - - - - - - - - - - - - - - - - - - - - - - - - - > 
 
2023-02-04 10:34:06 || [ DEBUG ] :: â”Œâ”€â”€â”€â”€â”€â”€â”€â”€â”€â”€â”€â”€â”€â”€â”€[ Bot stats ]â”€â”€â”€â”€â”€â”€â”€â”€â”€â”€â”€â”€â”€â”€â”€â”< - - - - - - - - - - - - - - - - - - - - - - - - - - - - - - - - - - > 
 
2023-02-04 10:34:06 || [ DEBUG ] :: â”‚       Server arch :: x64                    â”‚< - - - - - - - - - - - - - - - - - - - - - - - - - - - - - - - - - - > 
ï¿½ï¿½â”€â”€â”€â”€â”˜< - - - - - - - - - - - - - - - - - - - - - - - - - - - - - - - - - - > 
 
2023-02-04 10:38:35 || [ DEBUG ] :: Webserver successfully started on 3209< - - - - - - - - - - - - - - - - - - - - - - - - - - - - - - - - - - > 
 
2023-02-04 10:38:35 || [ DEBUG ] :: User connected to website || type: management console  || IP: ::ffff:192.168.0.141 || Added to list of known ips< - - - - - - - - - - - - - - - - - - - - - - - - - - - - - - - - - - > 
 
2023-02-04 10:38:35 || [ DEBUG ] :: New request on /login< - - - - - - - - - - - - - - - - - - - - - - - - - - - - - - - - - - > 
 
2023-02-04 10:38:35 || [ DEBUG ] :: New user! redirect: /console requestid: X6IHvnmG< - - - - - - - - - - - - - - - - - - - - - - - - - - - - - - - - - - > 
 
2023-02-04 10:38:35 || [ DEBUG ] :: User connected to website || type: management console  || IP: ::ffff:192.168.0.141 || Added to list of known ips< - - - - - - - - - - - - - - - - - - - - - - - - - - - - - - - - - - > 
 
2023-02-04 10:38:33 || [ DEBUG ] :: â”Œâ”€â”€â”€â”€â”€â”€â”€â”€â”€â”€â”€â”€â”€â”€â”€[ Bot stats ]â”€â”€â”€â”€â”€â”€â”€â”€â”€â”€â”€â”€â”€â”€â”€â”< - - - - - - - - - - - - - - - - - - - - - - - - - - - - - - - - - - > 
 
2023-02-04 10:38:33 || [ DEBUG ] :: â”‚       Server release :: 10.0.19045   â”‚< - - - - - - - - - - - - - - - - - - - - - - - - - - - - - - - - - - > 
â”€â”€â”€â”€â”€â”€â”€â”˜< - - - - - - - - - - - - - - - - - - - - - - - - - - - - - - - - - - > 
 
2023-02-05 10:47:10 || [ DEBUG ] :: Database ready< - - - - - - - - - - - - - - - - - - - - - - - - - - - - - - - - - - > 
 - - - - - - - - - - > 
 
2023-02-05 10:47:10 || [ DEBUG ] :: â”Œâ”€â”€â”€â”€â”€â”€â”€â”€â”€â”€â”€â”€â”€â”€â”€[ Bot stats ]â”€â”€â”€â”€â”€â”€â”€â”€â”€â”€â”€â”€â”€â”€â”€â”< - - - - - - - - - - - - - - - - - - - - - - - - - - - - - - - - - - > 
 
2023-02-05 10:47:10 || [ DEBUG ] :: â”Œâ”€â”€â”€â”€â”€â”€â”€â”€â”€â”€â”€â”€â”€â”€â”€[ Server stats ]â”€â”€â”€â”€â”€â”€â”€â”€â”€â”€â”€â”€â”€â”€â”< - - - - - - - - - - - - - - - - - - - - - - - - - - - - - - - - - - > 
 - - - - - - - - - - - - - - > 
 
2023-02-05 15:21:33 || [ DEBUG ] :: Database ready< - - - - - - - - - - - - - - - - - - - - - - - - - - - - - - - - - - > 
 - - - - - - - - - - > 
 
2023-02-05 15:21:33 || [ DEBUG ] :: â”Œâ”€â”€â”€â”€â”€â”€â”€â”€â”€â”€â”€â”€â”€â”€â”€[ Bot stats ]â”€â”€â”€â”€â”€â”€â”€â”€â”€â”€â”€â”€â”€â”€â”€â”< - - - - - - - - - - - - - - - - - - - - - - - - - - - - - - - - - - > 
 
2023-02-05 15:21:33 || [ DEBUG ] :: â”‚       Server platform :: win32              â”‚< - - - - - - - - - - - - - - - - - - - - - - - - - - - - - - - - - - > 
ï¿½ï¿½â”€â”€â”€< - - < - - - - - - - - - - - - - - - - - - - - - - - - - - - - - - - - - - > 
 
2023-02-05 15:25:29 || [ DEBUG ] :: Webserver successfully started on 3209< - - - - - - - - - - - - - - - - - - - - - - - - - - - - - - - - - - > 
 
2023-02-05 15:25:28 || [ DEBUG ] :: â”Œâ”€â”€â”€â”€â”€â”€â”€â”€â”€â”€â”€â”€â”€â”€â”€[ Bot stats ]â”€â”€â”€â”€â”€â”€â”€â”€â”€â”€â”€â”€â”€â”€â”€â”< - - - - - - - - - - - - - - - - - - - - - - - - - - - - - - - - - - > 
 
2023-02-05 15:25:28 || [ DEBUG ] :: â””â”€â”€â”€â”€â”€â”€â”€â”€â”€â”€â”€â”€â”€â”€â”€â”€â”€â”€â”€â”€â”€â”€â”€â”€â”€â”€â”€â”€â”€â”€â”€â”€â”€â”€â”€â”€â”€â”€â”€â”€â”€â”€â”€â”€â”€â”˜< - - - - - - - - - - - - - - - - - - - - - - - - - - - - - - - - - - > 
 
2023-02-05 15:55:23 || [ DEBUG ] :: Webserver successfully started on 3209< - - - - - - - - - - - - - - - - - - - - - - - - - - - - - - - - - - > 
 
2023-02-05 15:55:22 || [ DEBUG ] :: â”Œâ”€â”€â”€â”€â”€â”€â”€â”€â”€â”€â”€â”€â”€â”€â”€[ Bot stats ]â”€â”€â”€â”€â”€â”€â”€â”€â”€â”€â”€â”€â”€â”€â”€â”< - - - - - - - - - - - - - - - - - - - - - - - - - - - - - - - - - - > 
 
2023-02-05 15:55:22 || [ DEBUG ] :: â”œâ”€â”€â”€â”€â”€â”€â”€â”€â”€â”€â”€â”€â”€â”€â”€â”€â”€â”€â”€â”€â”€â”€â”€â”€â”€â”€â”€â”€â”€â”€â”€â”€â”€â”€â”€â”€â”€â”€â”€â”€â”€â”€â”€â”€< - - < - - - - - - - - - - - - - - - - - - - - - - - - - - - - - - - - - - > 
 
2023-02-07 18:35:04 || [ DEBUG ] :: Webserver successfully started on 3209< - - - - - - - - - - - - - - - - - - - - - - - - - - - - - - - - - - > 
 
2023-02-07 18:34:43 || [ DEBUG ] :: â”Œâ”€â”€â”€â”€â”€â”€â”€â”€â”€â”€â”€â”€â”€â”€â”€[ Bot stats ]â”€â”€â”€â”€â”€â”€â”€â”€â”€â”€â”€â”€â”€â”€â”€â”< - - - - - - - - - - - - - - - - - - - - - - - - - - - - - - - - - - > 
 
2023-02-07 18:34:43 || [ DEBUG ] :: â”‚       Server platform :: win32              â”‚< - - - - - - - - - - - - - - - - - - - - - - - - - - - - - - - - - - > 
 - - - - - < - - - - - - - - - - - - - - - - - - - - - - - - - - - - - - - - - - > 
 - > 
 
2023-02-07 18:40:22 || [ DEBUG ] :: Webserver successfully started on 3209< - - - - - - - - - - - - - - - - - - - - - - - - - - - - - - - - - - > 
 
2023-02-07 18:40:10 || [ DEBUG ] :: â”Œâ”€â”€â”€â”€â”€â”€â”€â”€â”€â”€â”€â”€â”€â”€â”€[ Bot stats ]â”€â”€â”€â”€â”€â”€â”€â”€â”€â”€â”€â”€â”€â”€â”€â”< - - - - - - - - - - - - - - - - - - - - - - - - - - - - - - - - - - > 
 
2023-02-07 18:40:10 || [ DEBUG ] :: â”‚       Server platform :: win32              â”‚< - - - - - - - - - - - - - - - - - - - - - - - - - - - - - - - - - - > 
”€â”€â”€â”€â”€â”¤< - - - - - - - - - - - - - - - - - - - - - - - - - - - - - - - - - - > 
