 
2023-02-02 20:11:42 || [ ERROR ] :: Prevented crash from unhandledRejection< - - - - - - - - - - - - - - - - - - - - - - - - - - - - - - - - - - > 
- > 
 
2023-02-02 20:11:42 || [ ERROR ] :: ReferenceError: user is not defined< - - - - - - - - - - - - - - - - - - - - - - - - - - - - - - - - - - > 
 > 
 
2023-02-02 20:11:42 || [ ERROR ] :: Error: connect ETIMEDOUT 195.88.218.70:443< - - - - - - - - - - - - - - - - - - - - - - - - - - - - - - - - - - > 
 
2023-02-02 20:12:53 || [ ERROR ] :: resolve< - - - - - - - - - - - - - - - - - - - - - - - - - - - - - - - - - - > 
- - - > 
 
2023-02-02 20:12:53 || [ ERROR ] :: Error: [DATABASE_NOT_READY] Use db.connect()< - - - - - - - - - - - - - - - - - - - - - - - - - - - - - - - - - - > 
 
2023-02-02 20:12:53 || [ ERROR ] :: DiscordHTTPError: DiscordHTTPError: 401 Unauthorized on GET /api/v6/users/@me< - - - - - - - - - - - - - - - - - - - - - - - - - - - - - - - - - - > 
 
2023-02-02 20:12:53 || [ ERROR ] :: Prevented crash from uncaaughtException< - - - - - - - - - - - - - - - - - - - - - - - - - - - - - - - - - - > 
> 
- - > 
 
2023-02-02 20:13:41 || [ ERROR ] :: resolve< - - - - - - - - - - - - - - - - - - - - - - - - - - - - - - - - - - > 
- - - > 
 
2023-02-02 20:13:41 || [ ERROR ] :: Prevented crash from unhandledRejection< - - - - - - - - - - - - - - - - - - - - - - - - - - - - - - - - - - > 
 - - - - - - - - - - - - - - - - - > 
 
2023-02-02 20:13:41 || [ ERROR ] :: Error: connect ETIMEDOUT 195.88.218.70:443< - - - - - - - - - - - - - - - - - - - - - - - - - - - - - - - - - - > 
- - > 
 
2023-02-02 20:14:43 || [ ERROR ] :: resolve< - - - - - - - - - - - - - - - - - - - - - - - - - - - - - - - - - - > 
- - - > 
 
2023-02-02 20:14:43 || [ ERROR ] :: Error: [DATABASE_NOT_READY] Use db.connect()< - - - - - - - - - - - - - - - - - - - - - - - - - - - - - - - - - - > 
 
2023-02-02 20:14:43 || [ ERROR ] :: Error: connect ETIMEDOUT 195.88.218.70:443< - - - - - - - - - - - - - - - - - - - - - - - - - - - - - - - - - - > 
 
2023-02-02 20:15:56 || [ ERROR ] :: resolve< - - - - - - - - - - - - - - - - - - - - - - - - - - - - - - - - - - > 
- - - > 
 
2023-02-02 20:15:56 || [ ERROR ] :: Prevented crash from unhandledRejection< - - - - - - - - - - - - - - - - - - - - - - - - - - - - - - - - - - > 
- > 
 
2023-02-02 20:15:56 || [ ERROR ] :: Prevented crash from uncaaughtException< -< - - -< - - - - - - - - - - - - - - - - - - - - - - - - - - - - - - - - - - > 
 
2023-02-02 21:16:56 || [ ERROR ] :: resolve< - - - - - - - - - - - - - - - - - - - - - - - - - - - - - - - - - - > 
- - - > 
 
2023-02-02 21:16:56 || [ ERROR ] :: Error: connect ETIMEDOUT 195.88.218.70:443< - - - - - - - - - - - - - - - - - - - - - - - - - - - - - - - - - - > 
- - > 
 
2023-02-02 21:43:27 || [ ERROR ] :: resolve< - - - - - - - - - - - - - - - - - - - - - - - - - - - - - - - - - - > 
- - - > 
 
2023-02-02 21:43:27 || [ ERROR ] :: Error: connect ETIMEDOUT 195.88.218.70:443< - - - - - - - - - - - - - - - - - - - - - - - - - - - - - - - - - - > 
 
2023-02-02 21:52:17 || [ ERROR ] :: resolve< - - - - - - - - - - - - - - - - - - - - - - - - - - - - - - - - - - > 
- - - > 
 
2023-02-02 21:52:17 || [ ERROR ] :: Error: connect ETIMEDOUT 195.88.218.70:443< - - - - - - - - - - - - - - - - - - - - - - - - - - - - - - - - - - > 
- - > 
 
2023-02-02 21:57:16 || [ ERROR ] :: resolve< - - - - - - - - - - - - - - - - - - - - - - - - - - - - - - - - - - > 
- - - > 
 
2023-02-02 21:57:16 || [ ERROR ] :: Error: connect ETIMEDOUT 195.88.218.70:443< - - - - - - - - - - - - - - - - - - - - - - - - - - - - - - - - - - > 
- - > 
 
2023-02-02 22:00:34 || [ ERROR ] :: resolve< - - - - - - - - - - - - - - - - - - - - - - - - - - - - - - - - - - > 
- - - > 
 
2023-02-02 22:00:34 || [ ERROR ] :: Prevented crash from uncaaughtException (MONITOR)< - - - - - - - - - - - - - - - - - - - - - - - - - - - - - - - - - - > 
 
2023-02-02 22:10:05 || [ ERROR ] :: resolve< - - - - - - - - - - - - - - - - - - - - - - - - - - - - - - - - - - > 
- - - > 
 
2023-02-02 22:10:05 || [ ERROR ] :: Prevented crash from uncaaughtException< - - - - - - - - - - - - - - - - - - - - - - - - - - - - - - - - - - > 
> 
- - > 
 
2023-02-03 14:55:37 || [ ERROR ] :: resolve< - - - - - - - - - - - - - - - - - - - - - - - - - - - - - - - - - - > 
- - - > 
 
2023-02-03 14:55:37 || [ ERROR ] :: Error: connect ETIMEDOUT 195.88.218.70:443< - - - - - - - - - - - - - - - - - - - - - - - - - - - - - - - - - - > 
 
2023-02-03 15:02:14 || [ ERROR ] :: resolve< - - - - - - - - - - - - - - - - - - - - - - - - - - - - - - - - - - > 
- - - > 
 
2023-02-03 15:02:14 || [ ERROR ] :: MongooseServerSelectionError: connect ECONNREFUSED ::1:27017< - - - - - - - - - - - - - - - - - - - - - - - - - - - - - - - - - - > 
 
2023-02-03 15:02:14 || [ ERROR ] :: Error: connect ETIMEDOUT 195.88.218.70:443< - - - - - - - - - - - - - - - - - - - - - - - - - - - - - - - - - - > 
 
2023-02-03 17:22:39 || [ ERROR ] :: resolve< - - - - - - - - - - - - - - - - - - - - - - - - - - - - - - - - - - > 
- - - > 
 
2023-02-03 17:22:39 || [ ERROR ] :: Prevented crash from uncaaughtException< - - - - - - - - - - - - - - - - - - - - - - - - - - - - - - - - - - > 
> 
 
2023-02-03 17:22:39 || [ ERROR ] :: reject< - - - - - - - - - - - - - - - - - - - - - - - - - - - - - - - - - - > 
 - - - > 
 
2023-02-03 17:22:39 || [ ERROR ] :: reject< - - - - - - - - - - - - - - - - - - - - - - - - - - - - - - - - - - > 
 - - - > 
 
2023-02-03 17:22:39 || [ ERROR ] :: reject< - - - - - - - - - - - - - - - - - - - - - - - - - - - - - - - - - - > 
 - - - > 
 
2023-02-03 17:22:39 || [ ERROR ] :: multipleResolves< - - - - - - - - - - - - - - - - - - - - - - - - - - - - - - - - - - > 
 
2023-02-04 09:41:00 || [ ERROR ] :: resolve< - - - - - - - - - - - - - - - - - - - - - - - - - - - - - - - - - - > 
- - - > 
 
2023-02-04 09:41:00 || [ ERROR ] :: MongooseServerSelectionError: connect ECONNREFUSED ::1:27017< - - - - - - - - - - - - - - - - - - - - - - - - - - - - - - - - - - > 
 
2023-02-04 09:41:00 || [ ERROR ] :: Prevented crash from uncaaughtException< - - - - - - - - - - - - - - - - - - - - - - - - - - - - - - - - - - > 
> 
 
2023-02-04 09:44:07 || [ ERROR ] :: resolve< - - - - - - - - - - - - - - - - - - - - - - - - - - - - - - - - - - > 
- - - > 
 
2023-02-04 09:44:07 || [ ERROR ] :: MongooseServerSelectionError: connect ECONNREFUSED ::1:27017< - - - - - - - - - - - - - - - - - - - - - - - - - - - - - - - - - - > 
 
2023-02-04 09:44:07 || [ ERROR ] :: Prevented crash from uncaaughtException (MONITOR)< - - - - - - - - - - - - - - - - - - - - - - - - - - - - - - - - - - > 
 
2023-02-04 09:58:47 || [ ERROR ] :: Prevented crash from unhandledRejection< - - - - - - - - - - - - - - - - - - - - - - - - - - - - - - - - - - > 
- - - - > 
 
2023-02-04 09:58:47 || [ ERROR ] :: Prevented crash from uncaaughtException (MONITOR)< - - - - - - - - - - - - - - - - - - - - - - - - - - - - - - - - - - > 
 
2023-02-04 10:01:39 || [ ERROR ] :: multipl< - - - -< - - - - - - - - - - - - - - - - - - - - - - - - - - - - - - - - - - > 
 
2023-02-04 10:01:39 || [ ERROR ] :: Error: connect ETIMEDOUT 195.88.218.70:443< - - - - - - - - - - - - - - - - - - - - - - - - - - - - - - - - - - > 
 
2023-02-04 10:02:53 || [ ERROR ] :: multipleResolves< - - - - - - - - - - - - - - - - - - - - - - - - - - - - - - - - - - > 
 
2023-02-04 10:02:53 || [ ERROR ] :: Prevented crash from uncaaughtException< -< - - -< - - - - - - - - - - - - - - - - - - - - - - - - - - - - - - - - - - > 
 
2023-02-04 10:11:12 || [ ERROR ] :: multipleResolves< - - - - - - - - - - - - - - - - - - - - - - - - - - - - - - - - - - > 
 
2023-02-04 10:11:12 || [ ERROR ] :: Error: connect ETIMEDOUT 195.88.218.70:443< - - - - - - - - - - - - - - - - - - - - - - - - - - - - - - - - - - > 
 
2023-02-04 10:16:52 || [ ERROR ] :: multipleResolves< - - - - - - - - - - - - - - - - - - - - - - - - - - - - - - - - - - > 
 
2023-02-04 10:16:52 || [ ERROR ] :: Prevented crash from uncaaughtException< - - - - - - - - - - - - - - - - - - - - - - - - - - - - - - - - - - > 
> 
- - > 
 
2023-02-04 10:18:57 || [ ERROR ] :: resolve< - - - - - - - - - - - - - - - - - - - - - - - - - - - - - - - - - - > 
- - - > 
 
2023-02-04 10:18:57 || [ ERROR ] :: Prevented crash from uncaaughtException< - - - - - - - - - - - - - - - - - - - - - - - - - - - - - - - - - - > 
> 
- - > 
 
2023-02-04 10:20:44 || [ ERROR ] :: resolve< - - - - - - - - - - - - - - - - - - - - - - - - - - - - - - - - - - > 
- - - > 
 
2023-02-04 10:20:44 || [ ERROR ] :: Prevented crash from uncaaughtException (MONITOR)< - - - - - - - - - - - - - - - - - - - - - - - - - - - - - - - - - - > 
 
2023-02-04 10:27:54 || [ ERROR ] :: resolve< - - - - - - - - - - - - - - - - - - - - - - - - - - - - - - - - - - > 
- - - > 
 
2023-02-04 10:27:54 || [ ERROR ] :: Prevented crash from uncaaughtException< -< - - - - - - - - - - - - - - - - - - - - - - - - - - - - - - - - - - > 
- - > 
 
2023-02-04 10:34:07 || [ ERROR ] :: resolve< - - - - - - - - - - - - - - - - - - - - - - - - - - - - - - - - - - > 
- - - > 
 
2023-02-04 10:34:07 || [ ERROR ] :: Prevented crash from unhandledRejection< - - - - - - - - - - - - - - - - - - - - - - - - - - - - - - - - - - > 
 - - - - - - - - - - - - - - - - - > 
 
2023-02-04 10:34:07 || [ ERROR ] :: Prevented crash from uncaaughtException< - - - - - - - - - - - - - - - - - - - - - - - - - - - - - - - - - - > 
> 
- - > 
 
2023-02-04 10:38:35 || [ ERROR ] :: resolve< - - - - - - - - - - - - - - - - - - - - - - - - - - - - - - - - - - > 
- - - > 
 
2023-02-04 10:38:35 || [ ERROR ] :: Error: connect ETIMEDOUT 195.88.218.70:443< - - - - - - - - - - - - - - - - - - - - - - - - - - - - - - - - - - > 
- - > 
 
2023-02-05 10:47:22 || [ ERROR ] :: multipleResolves< - - - - - - - - - - - - - - - - - - - - - - - - - - - - - - - - - - > 
 
2023-02-05 10:47:22 || [ ERROR ] :: MongooseServerSelectionError: connect ECONNREFUSED ::1:27017< - - - - - - - - - - - - - - - - - - - - - - - - - - - - - - - - - - > 
 
2023-02-05 10:47:22 || [ ERROR ] :: Error: connect ETIMEDOUT 195.88.218.70:443< - - - - - - - - - - - - - - - - - - - - - - - - - - - - - - - - - - > 
- - > 
 
2023-02-05 15:21:50 || [ ERROR ] :: resolve< - - - - - - - - - - - - - - - - - - - - - - - - - - - - - - - - - - > 
- - - > 
 - - - - - - - - - - - - - - - - - - > 
 
2023-02-05 15:21:50 || [ ERROR ] :: Error: connect ETIMEDOUT 195.88.218.70:80< - - - - - - - - - - - - - - - - - - - - - - - - - - - - - - - - - - > 
 
2023-02-05 15:25:29 || [ ERROR ] :: resolve< - - - - - - - - - - - - - - - - - - - - - - - - - - - - - - - - - - > 
- - - > 
 - - - - - - - - - - - - - - - - - - > 
 
2023-02-05 15:25:29 || [ ERROR ] :: Error: socket hang up< - - - - - - - - - - - - - - - - - - - - - - - - - - - - - - - - - - > 
 - - - - - - - > 
 - - - > 
 
2023-02-05 15:55:23 || [ ERROR ] :: resolve< - - - - - - - - - - - - - - - - - - - - - - - - - - - - - - - - - - > 
- - - > 
 - - - - - - - - - - - - - - - - - - > 
 
2023-02-05 15:55:23 || [ ERROR ] :: Error: socket hang up< - - - - - - - - - - - - - - - - - - - - - - - - - - - - - - - - - - > 
 - - - - - - - > 
 - - - > 
 
2023-02-07 18:35:04 || [ ERROR ] :: resolve< - - - - - - - - - - - - - - - - - - - - - - - - - - - - - - - - - - > 
- - - > 
- - - - - - - - - - > 
- - - - - - - > 
 
2023-02-07 18:40:22 || [ ERROR ] :: resolve< - - - - - - - - - - - - - - - - - - - - - - - - - - - - - - - - - - > 
- - - > 
 - - - - - - - - - - - - - - - - - - > 
 
2023-02-07 18:40:22 || [ ERROR ] :: Error: connect ECONNREFUSED ::1:2333< - - - - - - - - - - - - - - - - - - - - - - - - - - - - - - - - - - > 
- - - - - > 
 
2023-02-07 18:40:22 || [ ERROR ] :: multipleResolves< - - - - - - - - - - - - - - - - - - - - - - - - - - - - - - - - - - > 
 
2023-02-07 18:40:22 || [ ERROR ] :: multipleResolves< - - - - - - - - - - - - - - - - - - - - - - - - - - - - - - - - - - > 
 
2023-02-07 18:40:22 || [ ERROR ] :: reject< - - - - - - - - - - - - - - - - - - - - - - - - - - - - - - - - - - > 
 - - - > 
 
2023-02-07 18:40:22 || [ ERROR ] :: reject< - - - - - - - - - - - - - - - - - - - - - - - - - - - - - - - - - - > 
 - - - > 
